{"/Users/Sellis/Development/figgy/valhalla/app/javascript/components/Controls.vue": {"path":"/Users/Sellis/Development/figgy/valhalla/app/javascript/components/Controls.vue","statementMap":{"0":{"start":{"line":1,"column":1},"end":{"line":73,"column":4}},"1":{"start":{"line":4,"column":0},"end":{"line":6,"column":3}},"2":{"start":{"line":19,"column":0},"end":{"line":72,"column":2}},"3":{"start":{"line":22,"column":4},"end":{"line":24,"column":6}},"4":{"start":{"line":28,"column":20},"end":{"line":30,"column":9}},"5":{"start":{"line":29,"column":8},"end":{"line":29,"column":22}},"6":{"start":{"line":31,"column":21},"end":{"line":33,"column":9}},"7":{"start":{"line":32,"column":8},"end":{"line":32,"column":22}},"8":{"start":{"line":34,"column":6},"end":{"line":34,"column":34}},"9":{"start":{"line":37,"column":6},"end":{"line":41,"column":7}},"10":{"start":{"line":38,"column":8},"end":{"line":38,"column":21}},"11":{"start":{"line":40,"column":8},"end":{"line":40,"column":20}},"12":{"start":{"line":44,"column":18},"end":{"line":44,"column":22}},"13":{"start":{"line":46,"column":20},"end":{"line":48,"column":8}},"14":{"start":{"line":47,"column":8},"end":{"line":47,"column":70}},"15":{"start":{"line":49,"column":20},"end":{"line":51,"column":8}},"16":{"start":{"line":50,"column":8},"end":{"line":50,"column":77}},"17":{"start":{"line":52,"column":6},"end":{"line":52,"column":21}},"18":{"start":{"line":57,"column":6},"end":{"line":57,"column":39}},"19":{"start":{"line":58,"column":17},"end":{"line":68,"column":7}},"20":{"start":{"line":69,"column":6},"end":{"line":69,"column":46}},"21":{"start":{"line":74,"column":0},"end":{"line":74,"column":70}},"22":{"start":{"line":74,"column":31},"end":{"line":74,"column":70}},"23":{"start":{"line":75,"column":24},"end":{"line":75,"column":100}},"24":{"start":{"line":76,"column":0},"end":{"line":76,"column":530}},"25":{"start":{"line":76,"column":54},"end":{"line":76,"column":58}},"26":{"start":{"line":76,"column":66},"end":{"line":76,"column":84}},"27":{"start":{"line":76,"column":92},"end":{"line":76,"column":108}},"28":{"start":{"line":76,"column":109},"end":{"line":76,"column":529}},"29":{"start":{"line":77,"column":0},"end":{"line":77,"column":37}}},"fnMap":{"0":{"name":"(anonymous_0)","decl":{"start":{"line":1,"column":2},"end":{"line":1,"column":3}},"loc":{"start":{"line":1,"column":12},"end":{"line":73,"column":1}},"line":1},"1":{"name":"data","decl":{"start":{"line":21,"column":17},"end":{"line":21,"column":21}},"loc":{"start":{"line":21,"column":24},"end":{"line":25,"column":3}},"line":21},"2":{"name":"orderChanged","decl":{"start":{"line":27,"column":27},"end":{"line":27,"column":39}},"loc":{"start":{"line":27,"column":42},"end":{"line":35,"column":5}},"line":27},"3":{"name":"(anonymous_3)","decl":{"start":{"line":28,"column":66},"end":{"line":28,"column":67}},"loc":{"start":{"line":28,"column":81},"end":{"line":30,"column":7}},"line":28},"4":{"name":"(anonymous_4)","decl":{"start":{"line":31,"column":65},"end":{"line":31,"column":66}},"loc":{"start":{"line":31,"column":80},"end":{"line":33,"column":7}},"line":31},"5":{"name":"isDisabled","decl":{"start":{"line":36,"column":25},"end":{"line":36,"column":35}},"loc":{"start":{"line":36,"column":38},"end":{"line":42,"column":5}},"line":36},"6":{"name":"fileSetPayload","decl":{"start":{"line":43,"column":29},"end":{"line":43,"column":43}},"loc":{"start":{"line":43,"column":46},"end":{"line":53,"column":5}},"line":43},"7":{"name":"(anonymous_7)","decl":{"start":{"line":46,"column":52},"end":{"line":46,"column":53}},"loc":{"start":{"line":46,"column":69},"end":{"line":48,"column":7}},"line":46},"8":{"name":"(anonymous_8)","decl":{"start":{"line":49,"column":32},"end":{"line":49,"column":33}},"loc":{"start":{"line":49,"column":48},"end":{"line":51,"column":7}},"line":49},"9":{"name":"save","decl":{"start":{"line":56,"column":19},"end":{"line":56,"column":23}},"loc":{"start":{"line":56,"column":26},"end":{"line":70,"column":5}},"line":56},"10":{"name":"render","decl":{"start":{"line":76,"column":35},"end":{"line":76,"column":41}},"loc":{"start":{"line":76,"column":45},"end":{"line":76,"column":530}},"line":76}},"branchMap":{"0":{"loc":{"start":{"line":37,"column":6},"end":{"line":41,"column":7}},"type":"if","locations":[{"start":{"line":37,"column":6},"end":{"line":41,"column":7}},{"start":{"line":37,"column":6},"end":{"line":41,"column":7}}],"line":37},"1":{"loc":{"start":{"line":37,"column":10},"end":{"line":37,"column":70}},"type":"binary-expr","locations":[{"start":{"line":37,"column":10},"end":{"line":37,"column":27}},{"start":{"line":37,"column":31},"end":{"line":37,"column":70}}],"line":37},"2":{"loc":{"start":{"line":74,"column":0},"end":{"line":74,"column":70}},"type":"if","locations":[{"start":{"line":74,"column":0},"end":{"line":74,"column":70}},{"start":{"line":74,"column":0},"end":{"line":74,"column":70}}],"line":74},"3":{"loc":{"start":{"line":75,"column":24},"end":{"line":75,"column":100}},"type":"cond-expr","locations":[{"start":{"line":75,"column":62},"end":{"line":75,"column":84}},{"start":{"line":75,"column":86},"end":{"line":75,"column":100}}],"line":75},"4":{"loc":{"start":{"line":76,"column":92},"end":{"line":76,"column":108}},"type":"binary-expr","locations":[{"start":{"line":76,"column":92},"end":{"line":76,"column":104}},{"start":{"line":76,"column":106},"end":{"line":76,"column":108}}],"line":76},"5":{"loc":{"start":{"line":76,"column":151},"end":{"line":76,"column":348}},"type":"cond-expr","locations":[{"start":{"line":76,"column":170},"end":{"line":76,"column":339}},{"start":{"line":76,"column":340},"end":{"line":76,"column":348}}],"line":76}},"s":{"0":0,"1":0,"2":0,"3":0,"4":0,"5":0,"6":0,"7":0,"8":0,"9":0,"10":0,"11":0,"12":0,"13":0,"14":0,"15":0,"16":0,"17":0,"18":0,"19":0,"20":0,"21":0,"22":0,"23":0,"24":0,"25":0,"26":0,"27":0,"28":0,"29":0},"f":{"0":0,"1":0,"2":0,"3":0,"4":0,"5":0,"6":0,"7":0,"8":0,"9":0,"10":0},"b":{"0":[0,0],"1":[0,0],"2":[0,0],"3":[0,0],"4":[0,0],"5":[0,0]}}
,"/Users/Sellis/Development/figgy/valhalla/app/javascript/components/Detail.vue": {"path":"/Users/Sellis/Development/figgy/valhalla/app/javascript/components/Detail.vue","statementMap":{"0":{"start":{"line":15,"column":0},"end":{"line":null,"column":-1}},"1":{"start":{"line":19,"column":0},"end":{"line":null,"column":-1}}},"fnMap":{"0":{"name":"get","decl":{"start":{"line":14,"column":0},"end":{"line":null,"column":-1}},"loc":{"start":{"line":14,"column":0},"end":{"line":16,"column":0}}},"1":{"name":"selectedImageUrl","decl":{"start":{"line":18,"column":0},"end":{"line":null,"column":-1}},"loc":{"start":{"line":18,"column":0},"end":{"line":20,"column":0}}}},"branchMap":{"0":{"loc":{"start":{"line":19,"column":0},"end":{"line":null,"column":-1}},"type":"cond-expr","locations":[{"start":{"line":19,"column":0},"end":{"line":null,"column":-1}},{"start":{"line":19,"column":0},"end":{"line":null,"column":-1}}]}},"s":{"0":0,"1":3},"f":{"0":0,"1":3},"b":{"0":[3,0]}}
,"/Users/Sellis/Development/figgy/valhalla/app/javascript/components/Gallery.vue": {"path":"/Users/Sellis/Development/figgy/valhalla/app/javascript/components/Gallery.vue","statementMap":{"0":{"start":{"line":1,"column":1},"end":{"line":144,"column":4}},"1":{"start":{"line":4,"column":0},"end":{"line":6,"column":3}},"2":{"start":{"line":8,"column":20},"end":{"line":8,"column":43}},"3":{"start":{"line":10,"column":21},"end":{"line":10,"column":58}},"4":{"start":{"line":12,"column":39},"end":{"line":12,"column":93}},"5":{"start":{"line":14,"column":0},"end":{"line":114,"column":2}},"6":{"start":{"line":20,"column":4},"end":{"line":23,"column":6}},"7":{"start":{"line":28,"column":8},"end":{"line":28,"column":40}},"8":{"start":{"line":31,"column":8},"end":{"line":31,"column":50}},"9":{"start":{"line":37,"column":23},"end":{"line":37,"column":49}},"10":{"start":{"line":38,"column":6},"end":{"line":38,"column":50}},"11":{"start":{"line":41,"column":6},"end":{"line":43,"column":21}},"12":{"start":{"line":42,"column":8},"end":{"line":42,"column":24}},"13":{"start":{"line":46,"column":21},"end":{"line":46,"column":23}},"14":{"start":{"line":47,"column":6},"end":{"line":64,"column":7}},"15":{"start":{"line":48,"column":8},"end":{"line":48,"column":46}},"16":{"start":{"line":49,"column":8},"end":{"line":49,"column":45}},"17":{"start":{"line":50,"column":8},"end":{"line":50,"column":55}},"18":{"start":{"line":52,"column":8},"end":{"line":63,"column":9}},"19":{"start":{"line":53,"column":22},"end":{"line":53,"column":78}},"20":{"start":{"line":54,"column":23},"end":{"line":54,"column":49}},"21":{"start":{"line":55,"column":20},"end":{"line":55,"column":43}},"22":{"start":{"line":56,"column":20},"end":{"line":56,"column":43}},"23":{"start":{"line":57,"column":10},"end":{"line":59,"column":11}},"24":{"start":{"line":58,"column":12},"end":{"line":58,"column":55}},"25":{"start":{"line":60,"column":10},"end":{"line":60,"column":57}},"26":{"start":{"line":62,"column":10},"end":{"line":62,"column":72}},"27":{"start":{"line":67,"column":6},"end":{"line":67,"column":69}},"28":{"start":{"line":70,"column":21},"end":{"line":70,"column":23}},"29":{"start":{"line":71,"column":21},"end":{"line":71,"column":52}},"30":{"start":{"line":72,"column":6},"end":{"line":74,"column":7}},"31":{"start":{"line":73,"column":8},"end":{"line":73,"column":51}},"32":{"start":{"line":75,"column":6},"end":{"line":75,"column":53}},"33":{"start":{"line":78,"column":21},"end":{"line":78,"column":23}},"34":{"start":{"line":79,"column":21},"end":{"line":79,"column":52}},"35":{"start":{"line":80,"column":6},"end":{"line":82,"column":7}},"36":{"start":{"line":81,"column":8},"end":{"line":81,"column":51}},"37":{"start":{"line":83,"column":6},"end":{"line":83,"column":53}},"38":{"start":{"line":86,"column":6},"end":{"line":86,"column":47}},"39":{"start":{"line":89,"column":6},"end":{"line":93,"column":7}},"40":{"start":{"line":90,"column":8},"end":{"line":90,"column":20}},"41":{"start":{"line":92,"column":8},"end":{"line":92,"column":21}},"42":{"start":{"line":96,"column":6},"end":{"line":100,"column":7}},"43":{"start":{"line":97,"column":8},"end":{"line":97,"column":20}},"44":{"start":{"line":99,"column":8},"end":{"line":99,"column":21}},"45":{"start":{"line":103,"column":6},"end":{"line":103,"column":54}},"46":{"start":{"line":104,"column":6},"end":{"line":108,"column":7}},"47":{"start":{"line":105,"column":8},"end":{"line":105,"column":43}},"48":{"start":{"line":107,"column":8},"end":{"line":107,"column":43}},"49":{"start":{"line":111,"column":6},"end":{"line":111,"column":59}},"50":{"start":{"line":145,"column":0},"end":{"line":145,"column":70}},"51":{"start":{"line":145,"column":31},"end":{"line":145,"column":70}},"52":{"start":{"line":146,"column":24},"end":{"line":146,"column":100}},"53":{"start":{"line":147,"column":0},"end":{"line":147,"column":2313}},"54":{"start":{"line":147,"column":54},"end":{"line":147,"column":58}},"55":{"start":{"line":147,"column":66},"end":{"line":147,"column":84}},"56":{"start":{"line":147,"column":92},"end":{"line":147,"column":108}},"57":{"start":{"line":147,"column":109},"end":{"line":147,"column":2312}},"58":{"start":{"line":147,"column":333},"end":{"line":147,"column":348}},"59":{"start":{"line":147,"column":526},"end":{"line":147,"column":542}},"60":{"start":{"line":147,"column":737},"end":{"line":147,"column":758}},"61":{"start":{"line":147,"column":956},"end":{"line":147,"column":975}},"62":{"start":{"line":147,"column":1164},"end":{"line":147,"column":1180}},"63":{"start":{"line":147,"column":1490},"end":{"line":147,"column":1514}},"64":{"start":{"line":147,"column":1729},"end":{"line":147,"column":1747}},"65":{"start":{"line":147,"column":1819},"end":{"line":147,"column":2305}},"66":{"start":{"line":147,"column":2046},"end":{"line":147,"column":2078}},"67":{"start":{"line":148,"column":0},"end":{"line":148,"column":37}}},"fnMap":{"0":{"name":"(anonymous_0)","decl":{"start":{"line":1,"column":2},"end":{"line":1,"column":3}},"loc":{"start":{"line":1,"column":12},"end":{"line":144,"column":1}},"line":1},"1":{"name":"_interopRequireDefault","decl":{"start":{"line":12,"column":9},"end":{"line":12,"column":31}},"loc":{"start":{"line":12,"column":37},"end":{"line":12,"column":95}},"line":12},"2":{"name":"data","decl":{"start":{"line":19,"column":17},"end":{"line":19,"column":21}},"loc":{"start":{"line":19,"column":24},"end":{"line":24,"column":3}},"line":19},"3":{"name":"get","decl":{"start":{"line":27,"column":20},"end":{"line":27,"column":23}},"loc":{"start":{"line":27,"column":26},"end":{"line":29,"column":7}},"line":27},"4":{"name":"set","decl":{"start":{"line":30,"column":20},"end":{"line":30,"column":23}},"loc":{"start":{"line":30,"column":31},"end":{"line":32,"column":7}},"line":30},"5":{"name":"getImageById","decl":{"start":{"line":36,"column":27},"end":{"line":36,"column":39}},"loc":{"start":{"line":36,"column":44},"end":{"line":39,"column":5}},"line":36},"6":{"name":"getImageIndexById","decl":{"start":{"line":40,"column":32},"end":{"line":40,"column":49}},"loc":{"start":{"line":40,"column":54},"end":{"line":44,"column":5}},"line":40},"7":{"name":"(anonymous_7)","decl":{"start":{"line":41,"column":42},"end":{"line":41,"column":43}},"loc":{"start":{"line":41,"column":59},"end":{"line":43,"column":7}},"line":41},"8":{"name":"select","decl":{"start":{"line":45,"column":21},"end":{"line":45,"column":27}},"loc":{"start":{"line":45,"column":39},"end":{"line":65,"column":5}},"line":45},"9":{"name":"selectAll","decl":{"start":{"line":66,"column":24},"end":{"line":66,"column":33}},"loc":{"start":{"line":66,"column":36},"end":{"line":68,"column":5}},"line":66},"10":{"name":"selectAlternate","decl":{"start":{"line":69,"column":30},"end":{"line":69,"column":45}},"loc":{"start":{"line":69,"column":48},"end":{"line":76,"column":5}},"line":69},"11":{"name":"selectInverse","decl":{"start":{"line":77,"column":28},"end":{"line":77,"column":41}},"loc":{"start":{"line":77,"column":44},"end":{"line":84,"column":5}},"line":77},"12":{"name":"selectNone","decl":{"start":{"line":85,"column":25},"end":{"line":85,"column":35}},"loc":{"start":{"line":85,"column":38},"end":{"line":87,"column":5}},"line":85},"13":{"name":"hasChanged","decl":{"start":{"line":88,"column":25},"end":{"line":88,"column":35}},"loc":{"start":{"line":88,"column":40},"end":{"line":94,"column":5}},"line":88},"14":{"name":"isSelected","decl":{"start":{"line":95,"column":25},"end":{"line":95,"column":35}},"loc":{"start":{"line":95,"column":47},"end":{"line":101,"column":5}},"line":95},"15":{"name":"resizeThumbs","decl":{"start":{"line":102,"column":27},"end":{"line":102,"column":39}},"loc":{"start":{"line":102,"column":47},"end":{"line":109,"column":5}},"line":102},"16":{"name":"uploadFile","decl":{"start":{"line":110,"column":25},"end":{"line":110,"column":35}},"loc":{"start":{"line":110,"column":43},"end":{"line":112,"column":5}},"line":110},"17":{"name":"render","decl":{"start":{"line":147,"column":35},"end":{"line":147,"column":41}},"loc":{"start":{"line":147,"column":45},"end":{"line":147,"column":2313}},"line":147},"18":{"name":"(anonymous_18)","decl":{"start":{"line":147,"column":316},"end":{"line":147,"column":317}},"loc":{"start":{"line":147,"column":332},"end":{"line":147,"column":349}},"line":147},"19":{"name":"(anonymous_19)","decl":{"start":{"line":147,"column":509},"end":{"line":147,"column":510}},"loc":{"start":{"line":147,"column":525},"end":{"line":147,"column":543}},"line":147},"20":{"name":"(anonymous_20)","decl":{"start":{"line":147,"column":720},"end":{"line":147,"column":721}},"loc":{"start":{"line":147,"column":736},"end":{"line":147,"column":759}},"line":147},"21":{"name":"(anonymous_21)","decl":{"start":{"line":147,"column":939},"end":{"line":147,"column":940}},"loc":{"start":{"line":147,"column":955},"end":{"line":147,"column":976}},"line":147},"22":{"name":"(anonymous_22)","decl":{"start":{"line":147,"column":1147},"end":{"line":147,"column":1148}},"loc":{"start":{"line":147,"column":1163},"end":{"line":147,"column":1181}},"line":147},"23":{"name":"(anonymous_23)","decl":{"start":{"line":147,"column":1473},"end":{"line":147,"column":1474}},"loc":{"start":{"line":147,"column":1489},"end":{"line":147,"column":1515}},"line":147},"24":{"name":"(anonymous_24)","decl":{"start":{"line":147,"column":1713},"end":{"line":147,"column":1714}},"loc":{"start":{"line":147,"column":1728},"end":{"line":147,"column":1748}},"line":147},"25":{"name":"(anonymous_25)","decl":{"start":{"line":147,"column":1799},"end":{"line":147,"column":1800}},"loc":{"start":{"line":147,"column":1818},"end":{"line":147,"column":2306}},"line":147},"26":{"name":"(anonymous_26)","decl":{"start":{"line":147,"column":2029},"end":{"line":147,"column":2030}},"loc":{"start":{"line":147,"column":2045},"end":{"line":147,"column":2079}},"line":147}},"branchMap":{"0":{"loc":{"start":{"line":12,"column":46},"end":{"line":12,"column":92}},"type":"cond-expr","locations":[{"start":{"line":12,"column":70},"end":{"line":12,"column":73}},{"start":{"line":12,"column":76},"end":{"line":12,"column":92}}],"line":12},"1":{"loc":{"start":{"line":12,"column":46},"end":{"line":12,"column":67}},"type":"binary-expr","locations":[{"start":{"line":12,"column":46},"end":{"line":12,"column":49}},{"start":{"line":12,"column":53},"end":{"line":12,"column":67}}],"line":12},"2":{"loc":{"start":{"line":47,"column":6},"end":{"line":64,"column":7}},"type":"if","locations":[{"start":{"line":47,"column":6},"end":{"line":64,"column":7}},{"start":{"line":47,"column":6},"end":{"line":64,"column":7}}],"line":47},"3":{"loc":{"start":{"line":52,"column":8},"end":{"line":63,"column":9}},"type":"if","locations":[{"start":{"line":52,"column":8},"end":{"line":63,"column":9}},{"start":{"line":52,"column":8},"end":{"line":63,"column":9}}],"line":52},"4":{"loc":{"start":{"line":52,"column":12},"end":{"line":52,"column":69}},"type":"binary-expr","locations":[{"start":{"line":52,"column":12},"end":{"line":52,"column":51}},{"start":{"line":52,"column":55},"end":{"line":52,"column":69}}],"line":52},"5":{"loc":{"start":{"line":89,"column":6},"end":{"line":93,"column":7}},"type":"if","locations":[{"start":{"line":89,"column":6},"end":{"line":93,"column":7}},{"start":{"line":89,"column":6},"end":{"line":93,"column":7}}],"line":89},"6":{"loc":{"start":{"line":96,"column":6},"end":{"line":100,"column":7}},"type":"if","locations":[{"start":{"line":96,"column":6},"end":{"line":100,"column":7}},{"start":{"line":96,"column":6},"end":{"line":100,"column":7}}],"line":96},"7":{"loc":{"start":{"line":104,"column":6},"end":{"line":108,"column":7}},"type":"if","locations":[{"start":{"line":104,"column":6},"end":{"line":108,"column":7}},{"start":{"line":104,"column":6},"end":{"line":108,"column":7}}],"line":104},"8":{"loc":{"start":{"line":145,"column":0},"end":{"line":145,"column":70}},"type":"if","locations":[{"start":{"line":145,"column":0},"end":{"line":145,"column":70}},{"start":{"line":145,"column":0},"end":{"line":145,"column":70}}],"line":145},"9":{"loc":{"start":{"line":146,"column":24},"end":{"line":146,"column":100}},"type":"cond-expr","locations":[{"start":{"line":146,"column":62},"end":{"line":146,"column":84}},{"start":{"line":146,"column":86},"end":{"line":146,"column":100}}],"line":146},"10":{"loc":{"start":{"line":147,"column":92},"end":{"line":147,"column":108}},"type":"binary-expr","locations":[{"start":{"line":147,"column":92},"end":{"line":147,"column":104}},{"start":{"line":147,"column":106},"end":{"line":147,"column":108}}],"line":147}},"s":{"0":0,"1":0,"2":0,"3":0,"4":0,"5":0,"6":0,"7":0,"8":0,"9":0,"10":0,"11":0,"12":0,"13":0,"14":0,"15":0,"16":0,"17":0,"18":0,"19":0,"20":0,"21":0,"22":0,"23":0,"24":0,"25":0,"26":0,"27":0,"28":0,"29":0,"30":0,"31":0,"32":0,"33":0,"34":0,"35":0,"36":0,"37":0,"38":0,"39":0,"40":0,"41":0,"42":0,"43":0,"44":0,"45":0,"46":0,"47":0,"48":0,"49":0,"50":0,"51":0,"52":0,"53":0,"54":0,"55":0,"56":0,"57":0,"58":0,"59":0,"60":0,"61":0,"62":0,"63":0,"64":0,"65":0,"66":0,"67":0},"f":{"0":0,"1":0,"2":0,"3":0,"4":0,"5":0,"6":0,"7":0,"8":0,"9":0,"10":0,"11":0,"12":0,"13":0,"14":0,"15":0,"16":0,"17":0,"18":0,"19":0,"20":0,"21":0,"22":0,"23":0,"24":0,"25":0,"26":0},"b":{"0":[0,0],"1":[0,0],"2":[0,0],"3":[0,0],"4":[0,0],"5":[0,0],"6":[0,0],"7":[0,0],"8":[0,0],"9":[0,0],"10":[0,0]}}
,"/Users/Sellis/Development/figgy/valhalla/app/javascript/components/Panel.vue": {"path":"/Users/Sellis/Development/figgy/valhalla/app/javascript/components/Panel.vue","statementMap":{"0":{"start":{"line":1,"column":1},"end":{"line":186,"column":4}},"1":{"start":{"line":4,"column":0},"end":{"line":6,"column":3}},"2":{"start":{"line":8,"column":26},"end":{"line":8,"column":57}},"3":{"start":{"line":10,"column":27},"end":{"line":10,"column":70}},"4":{"start":{"line":12,"column":39},"end":{"line":12,"column":93}},"5":{"start":{"line":14,"column":0},"end":{"line":97,"column":2}},"6":{"start":{"line":17,"column":4},"end":{"line":27,"column":6}},"7":{"start":{"line":31,"column":6},"end":{"line":31,"column":47}},"8":{"start":{"line":34,"column":15},"end":{"line":34,"column":47}},"9":{"start":{"line":35,"column":6},"end":{"line":35,"column":48}},"10":{"start":{"line":38,"column":15},"end":{"line":38,"column":47}},"11":{"start":{"line":39,"column":6},"end":{"line":39,"column":48}},"12":{"start":{"line":42,"column":6},"end":{"line":47,"column":8}},"13":{"start":{"line":52,"column":6},"end":{"line":53,"column":8}},"14":{"start":{"line":56,"column":22},"end":{"line":56,"column":54}},"15":{"start":{"line":57,"column":6},"end":{"line":57,"column":57}},"16":{"start":{"line":60,"column":22},"end":{"line":60,"column":54}},"17":{"start":{"line":61,"column":6},"end":{"line":61,"column":57}},"18":{"start":{"line":64,"column":23},"end":{"line":64,"column":51}},"19":{"start":{"line":65,"column":19},"end":{"line":65,"column":43}},"20":{"start":{"line":66,"column":18},"end":{"line":68,"column":50}},"21":{"start":{"line":67,"column":8},"end":{"line":67,"column":22}},"22":{"start":{"line":69,"column":6},"end":{"line":69,"column":38}},"23":{"start":{"line":71,"column":6},"end":{"line":73,"column":7}},"24":{"start":{"line":72,"column":8},"end":{"line":72,"column":58}},"25":{"start":{"line":75,"column":6},"end":{"line":75,"column":56}},"26":{"start":{"line":76,"column":6},"end":{"line":76,"column":51}},"27":{"start":{"line":79,"column":23},"end":{"line":79,"column":51}},"28":{"start":{"line":80,"column":19},"end":{"line":80,"column":43}},"29":{"start":{"line":81,"column":6},"end":{"line":81,"column":130}},"30":{"start":{"line":82,"column":22},"end":{"line":82,"column":87}},"31":{"start":{"line":83,"column":6},"end":{"line":92,"column":7}},"32":{"start":{"line":84,"column":20},"end":{"line":86,"column":52}},"33":{"start":{"line":85,"column":10},"end":{"line":85,"column":24}},"34":{"start":{"line":87,"column":8},"end":{"line":87,"column":53}},"35":{"start":{"line":89,"column":8},"end":{"line":91,"column":9}},"36":{"start":{"line":90,"column":10},"end":{"line":90,"column":60}},"37":{"start":{"line":93,"column":6},"end":{"line":93,"column":56}},"38":{"start":{"line":94,"column":6},"end":{"line":94,"column":51}},"39":{"start":{"line":187,"column":0},"end":{"line":187,"column":70}},"40":{"start":{"line":187,"column":31},"end":{"line":187,"column":70}},"41":{"start":{"line":188,"column":24},"end":{"line":188,"column":100}},"42":{"start":{"line":189,"column":0},"end":{"line":189,"column":8930}},"43":{"start":{"line":189,"column":54},"end":{"line":189,"column":58}},"44":{"start":{"line":189,"column":66},"end":{"line":189,"column":84}},"45":{"start":{"line":189,"column":92},"end":{"line":189,"column":108}},"46":{"start":{"line":189,"column":109},"end":{"line":189,"column":8929}},"47":{"start":{"line":189,"column":941},"end":{"line":189,"column":979}},"48":{"start":{"line":189,"column":970},"end":{"line":189,"column":977}},"49":{"start":{"line":189,"column":979},"end":{"line":189,"column":1038}},"50":{"start":{"line":189,"column":1057},"end":{"line":189,"column":1080}},"51":{"start":{"line":189,"column":1550},"end":{"line":189,"column":1588}},"52":{"start":{"line":189,"column":1579},"end":{"line":189,"column":1586}},"53":{"start":{"line":189,"column":1588},"end":{"line":189,"column":1643}},"54":{"start":{"line":189,"column":1662},"end":{"line":189,"column":1685}},"55":{"start":{"line":189,"column":2152},"end":{"line":189,"column":2175}},"56":{"start":{"line":189,"column":2181},"end":{"line":189,"column":2194}},"57":{"start":{"line":189,"column":2199},"end":{"line":189,"column":2226}},"58":{"start":{"line":189,"column":2227},"end":{"line":189,"column":2478}},"59":{"start":{"line":189,"column":2258},"end":{"line":189,"column":2260}},"60":{"start":{"line":189,"column":2265},"end":{"line":189,"column":2280}},"61":{"start":{"line":189,"column":2281},"end":{"line":189,"column":2430}},"62":{"start":{"line":189,"column":2298},"end":{"line":189,"column":2348}},"63":{"start":{"line":189,"column":2354},"end":{"line":189,"column":2429}},"64":{"start":{"line":189,"column":2436},"end":{"line":189,"column":2477}},"65":{"start":{"line":189,"column":2497},"end":{"line":189,"column":2520}},"66":{"start":{"line":189,"column":3029},"end":{"line":189,"column":3184}},"67":{"start":{"line":189,"column":3091},"end":{"line":189,"column":3108}},"68":{"start":{"line":189,"column":3137},"end":{"line":189,"column":3171}},"69":{"start":{"line":189,"column":3172},"end":{"line":189,"column":3182}},"70":{"start":{"line":189,"column":3186},"end":{"line":189,"column":3280}},"71":{"start":{"line":189,"column":3299},"end":{"line":189,"column":3322}},"72":{"start":{"line":189,"column":4047},"end":{"line":189,"column":4085}},"73":{"start":{"line":189,"column":4076},"end":{"line":189,"column":4083}},"74":{"start":{"line":189,"column":4085},"end":{"line":189,"column":4145}},"75":{"start":{"line":189,"column":4164},"end":{"line":189,"column":4187}},"76":{"start":{"line":189,"column":4671},"end":{"line":189,"column":4709}},"77":{"start":{"line":189,"column":4700},"end":{"line":189,"column":4707}},"78":{"start":{"line":189,"column":4709},"end":{"line":189,"column":4768}},"79":{"start":{"line":189,"column":4787},"end":{"line":189,"column":4810}},"80":{"start":{"line":189,"column":5201},"end":{"line":189,"column":5356}},"81":{"start":{"line":189,"column":5263},"end":{"line":189,"column":5280}},"82":{"start":{"line":189,"column":5309},"end":{"line":189,"column":5343}},"83":{"start":{"line":189,"column":5344},"end":{"line":189,"column":5354}},"84":{"start":{"line":189,"column":5358},"end":{"line":189,"column":5455}},"85":{"start":{"line":189,"column":5474},"end":{"line":189,"column":5497}},"86":{"start":{"line":189,"column":6199},"end":{"line":189,"column":6237}},"87":{"start":{"line":189,"column":6228},"end":{"line":189,"column":6235}},"88":{"start":{"line":189,"column":6237},"end":{"line":189,"column":6291}},"89":{"start":{"line":189,"column":6310},"end":{"line":189,"column":6328}},"90":{"start":{"line":189,"column":6712},"end":{"line":189,"column":6867}},"91":{"start":{"line":189,"column":6774},"end":{"line":189,"column":6791}},"92":{"start":{"line":189,"column":6820},"end":{"line":189,"column":6854}},"93":{"start":{"line":189,"column":6855},"end":{"line":189,"column":6865}},"94":{"start":{"line":189,"column":6869},"end":{"line":189,"column":6964}},"95":{"start":{"line":189,"column":6983},"end":{"line":189,"column":7001}},"96":{"start":{"line":189,"column":7637},"end":{"line":189,"column":7652}},"97":{"start":{"line":189,"column":7658},"end":{"line":189,"column":7671}},"98":{"start":{"line":189,"column":7676},"end":{"line":189,"column":7703}},"99":{"start":{"line":189,"column":7704},"end":{"line":189,"column":7917}},"100":{"start":{"line":189,"column":7735},"end":{"line":189,"column":7737}},"101":{"start":{"line":189,"column":7742},"end":{"line":189,"column":7757}},"102":{"start":{"line":189,"column":7758},"end":{"line":189,"column":7891}},"103":{"start":{"line":189,"column":7775},"end":{"line":189,"column":7817}},"104":{"start":{"line":189,"column":7823},"end":{"line":189,"column":7890}},"105":{"start":{"line":189,"column":7897},"end":{"line":189,"column":7916}},"106":{"start":{"line":189,"column":7936},"end":{"line":189,"column":7957}},"107":{"start":{"line":189,"column":8413},"end":{"line":189,"column":8428}},"108":{"start":{"line":189,"column":8434},"end":{"line":189,"column":8447}},"109":{"start":{"line":189,"column":8452},"end":{"line":189,"column":8479}},"110":{"start":{"line":189,"column":8480},"end":{"line":189,"column":8693}},"111":{"start":{"line":189,"column":8511},"end":{"line":189,"column":8513}},"112":{"start":{"line":189,"column":8518},"end":{"line":189,"column":8533}},"113":{"start":{"line":189,"column":8534},"end":{"line":189,"column":8667}},"114":{"start":{"line":189,"column":8551},"end":{"line":189,"column":8593}},"115":{"start":{"line":189,"column":8599},"end":{"line":189,"column":8666}},"116":{"start":{"line":189,"column":8673},"end":{"line":189,"column":8692}},"117":{"start":{"line":189,"column":8712},"end":{"line":189,"column":8733}},"118":{"start":{"line":190,"column":0},"end":{"line":190,"column":208}},"119":{"start":{"line":190,"column":64},"end":{"line":190,"column":68}},"120":{"start":{"line":190,"column":76},"end":{"line":190,"column":94}},"121":{"start":{"line":190,"column":102},"end":{"line":190,"column":118}},"122":{"start":{"line":190,"column":119},"end":{"line":190,"column":206}}},"fnMap":{"0":{"name":"(anonymous_0)","decl":{"start":{"line":1,"column":2},"end":{"line":1,"column":3}},"loc":{"start":{"line":1,"column":12},"end":{"line":186,"column":1}},"line":1},"1":{"name":"_interopRequireDefault","decl":{"start":{"line":12,"column":9},"end":{"line":12,"column":31}},"loc":{"start":{"line":12,"column":37},"end":{"line":12,"column":95}},"line":12},"2":{"name":"data","decl":{"start":{"line":16,"column":17},"end":{"line":16,"column":21}},"loc":{"start":{"line":16,"column":24},"end":{"line":28,"column":3}},"line":16},"3":{"name":"selectedTotal","decl":{"start":{"line":30,"column":28},"end":{"line":30,"column":41}},"loc":{"start":{"line":30,"column":44},"end":{"line":32,"column":5}},"line":30},"4":{"name":"isStartPage","decl":{"start":{"line":33,"column":26},"end":{"line":33,"column":37}},"loc":{"start":{"line":33,"column":40},"end":{"line":36,"column":5}},"line":33},"5":{"name":"isThumbnail","decl":{"start":{"line":37,"column":26},"end":{"line":37,"column":37}},"loc":{"start":{"line":37,"column":40},"end":{"line":40,"column":5}},"line":37},"6":{"name":"singleForm","decl":{"start":{"line":41,"column":25},"end":{"line":41,"column":35}},"loc":{"start":{"line":41,"column":38},"end":{"line":48,"column":5}},"line":41},"7":{"name":"isNormalInteger","decl":{"start":{"line":51,"column":30},"end":{"line":51,"column":45}},"loc":{"start":{"line":51,"column":51},"end":{"line":54,"column":5}},"line":51},"8":{"name":"updateStartPage","decl":{"start":{"line":55,"column":30},"end":{"line":55,"column":45}},"loc":{"start":{"line":55,"column":48},"end":{"line":58,"column":5}},"line":55},"9":{"name":"updateThumbnail","decl":{"start":{"line":59,"column":30},"end":{"line":59,"column":45}},"loc":{"start":{"line":59,"column":48},"end":{"line":62,"column":5}},"line":59},"10":{"name":"updateSingle","decl":{"start":{"line":63,"column":27},"end":{"line":63,"column":39}},"loc":{"start":{"line":63,"column":42},"end":{"line":77,"column":5}},"line":63},"11":{"name":"(anonymous_11)","decl":{"start":{"line":66,"column":47},"end":{"line":66,"column":48}},"loc":{"start":{"line":66,"column":62},"end":{"line":68,"column":7}},"line":66},"12":{"name":"updateMultiLabels","decl":{"start":{"line":78,"column":32},"end":{"line":78,"column":49}},"loc":{"start":{"line":78,"column":52},"end":{"line":95,"column":5}},"line":78},"13":{"name":"(anonymous_13)","decl":{"start":{"line":84,"column":49},"end":{"line":84,"column":50}},"loc":{"start":{"line":84,"column":64},"end":{"line":86,"column":9}},"line":84},"14":{"name":"render","decl":{"start":{"line":189,"column":35},"end":{"line":189,"column":41}},"loc":{"start":{"line":189,"column":45},"end":{"line":189,"column":8930}},"line":189},"15":{"name":"(anonymous_15)","decl":{"start":{"line":189,"column":924},"end":{"line":189,"column":925}},"loc":{"start":{"line":189,"column":940},"end":{"line":189,"column":1039}},"line":189},"16":{"name":"(anonymous_16)","decl":{"start":{"line":189,"column":1040},"end":{"line":189,"column":1041}},"loc":{"start":{"line":189,"column":1056},"end":{"line":189,"column":1081}},"line":189},"17":{"name":"(anonymous_17)","decl":{"start":{"line":189,"column":1533},"end":{"line":189,"column":1534}},"loc":{"start":{"line":189,"column":1549},"end":{"line":189,"column":1644}},"line":189},"18":{"name":"(anonymous_18)","decl":{"start":{"line":189,"column":1645},"end":{"line":189,"column":1646}},"loc":{"start":{"line":189,"column":1661},"end":{"line":189,"column":1686}},"line":189},"19":{"name":"(anonymous_19)","decl":{"start":{"line":189,"column":2127},"end":{"line":189,"column":2128}},"loc":{"start":{"line":189,"column":2143},"end":{"line":189,"column":2479}},"line":189},"20":{"name":"(anonymous_20)","decl":{"start":{"line":189,"column":2480},"end":{"line":189,"column":2481}},"loc":{"start":{"line":189,"column":2496},"end":{"line":189,"column":2521}},"line":189},"21":{"name":"(anonymous_21)","decl":{"start":{"line":189,"column":2992},"end":{"line":189,"column":2993}},"loc":{"start":{"line":189,"column":3008},"end":{"line":189,"column":3281}},"line":189},"22":{"name":"(anonymous_22)","decl":{"start":{"line":189,"column":3079},"end":{"line":189,"column":3080}},"loc":{"start":{"line":189,"column":3090},"end":{"line":189,"column":3109}},"line":189},"23":{"name":"(anonymous_23)","decl":{"start":{"line":189,"column":3115},"end":{"line":189,"column":3116}},"loc":{"start":{"line":189,"column":3126},"end":{"line":189,"column":3183}},"line":189},"24":{"name":"(anonymous_24)","decl":{"start":{"line":189,"column":3282},"end":{"line":189,"column":3283}},"loc":{"start":{"line":189,"column":3298},"end":{"line":189,"column":3323}},"line":189},"25":{"name":"(anonymous_25)","decl":{"start":{"line":189,"column":4030},"end":{"line":189,"column":4031}},"loc":{"start":{"line":189,"column":4046},"end":{"line":189,"column":4146}},"line":189},"26":{"name":"(anonymous_26)","decl":{"start":{"line":189,"column":4147},"end":{"line":189,"column":4148}},"loc":{"start":{"line":189,"column":4163},"end":{"line":189,"column":4188}},"line":189},"27":{"name":"(anonymous_27)","decl":{"start":{"line":189,"column":4654},"end":{"line":189,"column":4655}},"loc":{"start":{"line":189,"column":4670},"end":{"line":189,"column":4769}},"line":189},"28":{"name":"(anonymous_28)","decl":{"start":{"line":189,"column":4770},"end":{"line":189,"column":4771}},"loc":{"start":{"line":189,"column":4786},"end":{"line":189,"column":4811}},"line":189},"29":{"name":"(anonymous_29)","decl":{"start":{"line":189,"column":5164},"end":{"line":189,"column":5165}},"loc":{"start":{"line":189,"column":5180},"end":{"line":189,"column":5456}},"line":189},"30":{"name":"(anonymous_30)","decl":{"start":{"line":189,"column":5251},"end":{"line":189,"column":5252}},"loc":{"start":{"line":189,"column":5262},"end":{"line":189,"column":5281}},"line":189},"31":{"name":"(anonymous_31)","decl":{"start":{"line":189,"column":5287},"end":{"line":189,"column":5288}},"loc":{"start":{"line":189,"column":5298},"end":{"line":189,"column":5355}},"line":189},"32":{"name":"(anonymous_32)","decl":{"start":{"line":189,"column":5457},"end":{"line":189,"column":5458}},"loc":{"start":{"line":189,"column":5473},"end":{"line":189,"column":5498}},"line":189},"33":{"name":"(anonymous_33)","decl":{"start":{"line":189,"column":6182},"end":{"line":189,"column":6183}},"loc":{"start":{"line":189,"column":6198},"end":{"line":189,"column":6292}},"line":189},"34":{"name":"(anonymous_34)","decl":{"start":{"line":189,"column":6293},"end":{"line":189,"column":6294}},"loc":{"start":{"line":189,"column":6309},"end":{"line":189,"column":6329}},"line":189},"35":{"name":"(anonymous_35)","decl":{"start":{"line":189,"column":6675},"end":{"line":189,"column":6676}},"loc":{"start":{"line":189,"column":6691},"end":{"line":189,"column":6965}},"line":189},"36":{"name":"(anonymous_36)","decl":{"start":{"line":189,"column":6762},"end":{"line":189,"column":6763}},"loc":{"start":{"line":189,"column":6773},"end":{"line":189,"column":6792}},"line":189},"37":{"name":"(anonymous_37)","decl":{"start":{"line":189,"column":6798},"end":{"line":189,"column":6799}},"loc":{"start":{"line":189,"column":6809},"end":{"line":189,"column":6866}},"line":189},"38":{"name":"(anonymous_38)","decl":{"start":{"line":189,"column":6966},"end":{"line":189,"column":6967}},"loc":{"start":{"line":189,"column":6982},"end":{"line":189,"column":7002}},"line":189},"39":{"name":"(anonymous_39)","decl":{"start":{"line":189,"column":7612},"end":{"line":189,"column":7613}},"loc":{"start":{"line":189,"column":7628},"end":{"line":189,"column":7918}},"line":189},"40":{"name":"(anonymous_40)","decl":{"start":{"line":189,"column":7919},"end":{"line":189,"column":7920}},"loc":{"start":{"line":189,"column":7935},"end":{"line":189,"column":7958}},"line":189},"41":{"name":"(anonymous_41)","decl":{"start":{"line":189,"column":8388},"end":{"line":189,"column":8389}},"loc":{"start":{"line":189,"column":8404},"end":{"line":189,"column":8694}},"line":189},"42":{"name":"(anonymous_42)","decl":{"start":{"line":189,"column":8695},"end":{"line":189,"column":8696}},"loc":{"start":{"line":189,"column":8711},"end":{"line":189,"column":8734}},"line":189},"43":{"name":"render","decl":{"start":{"line":190,"column":45},"end":{"line":190,"column":51}},"loc":{"start":{"line":190,"column":55},"end":{"line":190,"column":207}},"line":190}},"branchMap":{"0":{"loc":{"start":{"line":12,"column":46},"end":{"line":12,"column":92}},"type":"cond-expr","locations":[{"start":{"line":12,"column":70},"end":{"line":12,"column":73}},{"start":{"line":12,"column":76},"end":{"line":12,"column":92}}],"line":12},"1":{"loc":{"start":{"line":12,"column":46},"end":{"line":12,"column":67}},"type":"binary-expr","locations":[{"start":{"line":12,"column":46},"end":{"line":12,"column":49}},{"start":{"line":12,"column":53},"end":{"line":12,"column":67}}],"line":12},"2":{"loc":{"start":{"line":71,"column":6},"end":{"line":73,"column":7}},"type":"if","locations":[{"start":{"line":71,"column":6},"end":{"line":73,"column":7}},{"start":{"line":71,"column":6},"end":{"line":73,"column":7}}],"line":71},"3":{"loc":{"start":{"line":81,"column":31},"end":{"line":81,"column":129}},"type":"cond-expr","locations":[{"start":{"line":81,"column":78},"end":{"line":81,"column":104}},{"start":{"line":81,"column":107},"end":{"line":81,"column":129}}],"line":81},"4":{"loc":{"start":{"line":89,"column":8},"end":{"line":91,"column":9}},"type":"if","locations":[{"start":{"line":89,"column":8},"end":{"line":91,"column":9}},{"start":{"line":89,"column":8},"end":{"line":91,"column":9}}],"line":89},"5":{"loc":{"start":{"line":187,"column":0},"end":{"line":187,"column":70}},"type":"if","locations":[{"start":{"line":187,"column":0},"end":{"line":187,"column":70}},{"start":{"line":187,"column":0},"end":{"line":187,"column":70}}],"line":187},"6":{"loc":{"start":{"line":188,"column":24},"end":{"line":188,"column":100}},"type":"cond-expr","locations":[{"start":{"line":188,"column":62},"end":{"line":188,"column":84}},{"start":{"line":188,"column":86},"end":{"line":188,"column":100}}],"line":188},"7":{"loc":{"start":{"line":189,"column":92},"end":{"line":189,"column":108}},"type":"binary-expr","locations":[{"start":{"line":189,"column":92},"end":{"line":189,"column":104}},{"start":{"line":189,"column":106},"end":{"line":189,"column":108}}],"line":189},"8":{"loc":{"start":{"line":189,"column":160},"end":{"line":189,"column":289}},"type":"cond-expr","locations":[{"start":{"line":189,"column":186},"end":{"line":189,"column":280}},{"start":{"line":189,"column":281},"end":{"line":189,"column":289}}],"line":189},"9":{"loc":{"start":{"line":189,"column":302},"end":{"line":189,"column":5666}},"type":"cond-expr","locations":[{"start":{"line":189,"column":326},"end":{"line":189,"column":5657}},{"start":{"line":189,"column":5658},"end":{"line":189,"column":5666}}],"line":189},"10":{"loc":{"start":{"line":189,"column":941},"end":{"line":189,"column":979}},"type":"if","locations":[{"start":{"line":189,"column":941},"end":{"line":189,"column":979}},{"start":{"line":189,"column":941},"end":{"line":189,"column":979}}],"line":189},"11":{"loc":{"start":{"line":189,"column":1550},"end":{"line":189,"column":1588}},"type":"if","locations":[{"start":{"line":189,"column":1550},"end":{"line":189,"column":1588}},{"start":{"line":189,"column":1550},"end":{"line":189,"column":1588}}],"line":189},"12":{"loc":{"start":{"line":189,"column":2009},"end":{"line":189,"column":2111}},"type":"cond-expr","locations":[{"start":{"line":189,"column":2048},"end":{"line":189,"column":2085}},{"start":{"line":189,"column":2087},"end":{"line":189,"column":2110}}],"line":189},"13":{"loc":{"start":{"line":189,"column":2199},"end":{"line":189,"column":2226}},"type":"cond-expr","locations":[{"start":{"line":189,"column":2213},"end":{"line":189,"column":2217}},{"start":{"line":189,"column":2220},"end":{"line":189,"column":2225}}],"line":189},"14":{"loc":{"start":{"line":189,"column":2227},"end":{"line":189,"column":2478}},"type":"if","locations":[{"start":{"line":189,"column":2227},"end":{"line":189,"column":2478}},{"start":{"line":189,"column":2227},"end":{"line":189,"column":2478}}],"line":189},"15":{"loc":{"start":{"line":189,"column":2281},"end":{"line":189,"column":2430}},"type":"if","locations":[{"start":{"line":189,"column":2281},"end":{"line":189,"column":2430}},{"start":{"line":189,"column":2281},"end":{"line":189,"column":2430}}],"line":189},"16":{"loc":{"start":{"line":189,"column":2298},"end":{"line":189,"column":2348}},"type":"binary-expr","locations":[{"start":{"line":189,"column":2298},"end":{"line":189,"column":2303}},{"start":{"line":189,"column":2306},"end":{"line":189,"column":2347}}],"line":189},"17":{"loc":{"start":{"line":189,"column":2354},"end":{"line":189,"column":2429}},"type":"binary-expr","locations":[{"start":{"line":189,"column":2354},"end":{"line":189,"column":2360}},{"start":{"line":189,"column":2363},"end":{"line":189,"column":2428}}],"line":189},"18":{"loc":{"start":{"line":189,"column":3137},"end":{"line":189,"column":3171}},"type":"cond-expr","locations":[{"start":{"line":189,"column":3153},"end":{"line":189,"column":3161}},{"start":{"line":189,"column":3164},"end":{"line":189,"column":3171}}],"line":189},"19":{"loc":{"start":{"line":189,"column":3222},"end":{"line":189,"column":3279}},"type":"cond-expr","locations":[{"start":{"line":189,"column":3247},"end":{"line":189,"column":3260}},{"start":{"line":189,"column":3263},"end":{"line":189,"column":3279}}],"line":189},"20":{"loc":{"start":{"line":189,"column":3492},"end":{"line":189,"column":5653}},"type":"cond-expr","locations":[{"start":{"line":189,"column":3531},"end":{"line":189,"column":5644}},{"start":{"line":189,"column":5645},"end":{"line":189,"column":5653}}],"line":189},"21":{"loc":{"start":{"line":189,"column":4047},"end":{"line":189,"column":4085}},"type":"if","locations":[{"start":{"line":189,"column":4047},"end":{"line":189,"column":4085}},{"start":{"line":189,"column":4047},"end":{"line":189,"column":4085}}],"line":189},"22":{"loc":{"start":{"line":189,"column":4671},"end":{"line":189,"column":4709}},"type":"if","locations":[{"start":{"line":189,"column":4671},"end":{"line":189,"column":4709}},{"start":{"line":189,"column":4671},"end":{"line":189,"column":4709}}],"line":189},"23":{"loc":{"start":{"line":189,"column":5309},"end":{"line":189,"column":5343}},"type":"cond-expr","locations":[{"start":{"line":189,"column":5325},"end":{"line":189,"column":5333}},{"start":{"line":189,"column":5336},"end":{"line":189,"column":5343}}],"line":189},"24":{"loc":{"start":{"line":189,"column":5397},"end":{"line":189,"column":5454}},"type":"cond-expr","locations":[{"start":{"line":189,"column":5422},"end":{"line":189,"column":5435}},{"start":{"line":189,"column":5438},"end":{"line":189,"column":5454}}],"line":189},"25":{"loc":{"start":{"line":189,"column":5679},"end":{"line":189,"column":8927}},"type":"cond-expr","locations":[{"start":{"line":189,"column":5705},"end":{"line":189,"column":8918}},{"start":{"line":189,"column":8919},"end":{"line":189,"column":8927}}],"line":189},"26":{"loc":{"start":{"line":189,"column":6199},"end":{"line":189,"column":6237}},"type":"if","locations":[{"start":{"line":189,"column":6199},"end":{"line":189,"column":6237}},{"start":{"line":189,"column":6199},"end":{"line":189,"column":6237}}],"line":189},"27":{"loc":{"start":{"line":189,"column":6820},"end":{"line":189,"column":6854}},"type":"cond-expr","locations":[{"start":{"line":189,"column":6836},"end":{"line":189,"column":6844}},{"start":{"line":189,"column":6847},"end":{"line":189,"column":6854}}],"line":189},"28":{"loc":{"start":{"line":189,"column":6906},"end":{"line":189,"column":6963}},"type":"cond-expr","locations":[{"start":{"line":189,"column":6931},"end":{"line":189,"column":6944}},{"start":{"line":189,"column":6947},"end":{"line":189,"column":6963}}],"line":189},"29":{"loc":{"start":{"line":189,"column":7518},"end":{"line":189,"column":7596}},"type":"cond-expr","locations":[{"start":{"line":189,"column":7549},"end":{"line":189,"column":7578}},{"start":{"line":189,"column":7580},"end":{"line":189,"column":7595}}],"line":189},"30":{"loc":{"start":{"line":189,"column":7676},"end":{"line":189,"column":7703}},"type":"cond-expr","locations":[{"start":{"line":189,"column":7690},"end":{"line":189,"column":7694}},{"start":{"line":189,"column":7697},"end":{"line":189,"column":7702}}],"line":189},"31":{"loc":{"start":{"line":189,"column":7704},"end":{"line":189,"column":7917}},"type":"if","locations":[{"start":{"line":189,"column":7704},"end":{"line":189,"column":7917}},{"start":{"line":189,"column":7704},"end":{"line":189,"column":7917}}],"line":189},"32":{"loc":{"start":{"line":189,"column":7758},"end":{"line":189,"column":7891}},"type":"if","locations":[{"start":{"line":189,"column":7758},"end":{"line":189,"column":7891}},{"start":{"line":189,"column":7758},"end":{"line":189,"column":7891}}],"line":189},"33":{"loc":{"start":{"line":189,"column":7775},"end":{"line":189,"column":7817}},"type":"binary-expr","locations":[{"start":{"line":189,"column":7775},"end":{"line":189,"column":7780}},{"start":{"line":189,"column":7783},"end":{"line":189,"column":7816}}],"line":189},"34":{"loc":{"start":{"line":189,"column":7823},"end":{"line":189,"column":7890}},"type":"binary-expr","locations":[{"start":{"line":189,"column":7823},"end":{"line":189,"column":7829}},{"start":{"line":189,"column":7832},"end":{"line":189,"column":7889}}],"line":189},"35":{"loc":{"start":{"line":189,"column":8294},"end":{"line":189,"column":8372}},"type":"cond-expr","locations":[{"start":{"line":189,"column":8325},"end":{"line":189,"column":8354}},{"start":{"line":189,"column":8356},"end":{"line":189,"column":8371}}],"line":189},"36":{"loc":{"start":{"line":189,"column":8452},"end":{"line":189,"column":8479}},"type":"cond-expr","locations":[{"start":{"line":189,"column":8466},"end":{"line":189,"column":8470}},{"start":{"line":189,"column":8473},"end":{"line":189,"column":8478}}],"line":189},"37":{"loc":{"start":{"line":189,"column":8480},"end":{"line":189,"column":8693}},"type":"if","locations":[{"start":{"line":189,"column":8480},"end":{"line":189,"column":8693}},{"start":{"line":189,"column":8480},"end":{"line":189,"column":8693}}],"line":189},"38":{"loc":{"start":{"line":189,"column":8534},"end":{"line":189,"column":8667}},"type":"if","locations":[{"start":{"line":189,"column":8534},"end":{"line":189,"column":8667}},{"start":{"line":189,"column":8534},"end":{"line":189,"column":8667}}],"line":189},"39":{"loc":{"start":{"line":189,"column":8551},"end":{"line":189,"column":8593}},"type":"binary-expr","locations":[{"start":{"line":189,"column":8551},"end":{"line":189,"column":8556}},{"start":{"line":189,"column":8559},"end":{"line":189,"column":8592}}],"line":189},"40":{"loc":{"start":{"line":189,"column":8599},"end":{"line":189,"column":8666}},"type":"binary-expr","locations":[{"start":{"line":189,"column":8599},"end":{"line":189,"column":8605}},{"start":{"line":189,"column":8608},"end":{"line":189,"column":8665}}],"line":189},"41":{"loc":{"start":{"line":190,"column":102},"end":{"line":190,"column":118}},"type":"binary-expr","locations":[{"start":{"line":190,"column":102},"end":{"line":190,"column":114}},{"start":{"line":190,"column":116},"end":{"line":190,"column":118}}],"line":190}},"s":{"0":0,"1":0,"2":0,"3":0,"4":0,"5":0,"6":0,"7":0,"8":0,"9":0,"10":0,"11":0,"12":0,"13":0,"14":0,"15":0,"16":0,"17":0,"18":0,"19":0,"20":0,"21":0,"22":0,"23":0,"24":0,"25":0,"26":0,"27":0,"28":0,"29":0,"30":0,"31":0,"32":0,"33":0,"34":0,"35":0,"36":0,"37":0,"38":0,"39":0,"40":0,"41":0,"42":0,"43":0,"44":0,"45":0,"46":0,"47":0,"48":0,"49":0,"50":0,"51":0,"52":0,"53":0,"54":0,"55":0,"56":0,"57":0,"58":0,"59":0,"60":0,"61":0,"62":0,"63":0,"64":0,"65":0,"66":0,"67":0,"68":0,"69":0,"70":0,"71":0,"72":0,"73":0,"74":0,"75":0,"76":0,"77":0,"78":0,"79":0,"80":0,"81":0,"82":0,"83":0,"84":0,"85":0,"86":0,"87":0,"88":0,"89":0,"90":0,"91":0,"92":0,"93":0,"94":0,"95":0,"96":0,"97":0,"98":0,"99":0,"100":0,"101":0,"102":0,"103":0,"104":0,"105":0,"106":0,"107":0,"108":0,"109":0,"110":0,"111":0,"112":0,"113":0,"114":0,"115":0,"116":0,"117":0,"118":0,"119":0,"120":0,"121":0,"122":0},"f":{"0":0,"1":0,"2":0,"3":0,"4":0,"5":0,"6":0,"7":0,"8":0,"9":0,"10":0,"11":0,"12":0,"13":0,"14":0,"15":0,"16":0,"17":0,"18":0,"19":0,"20":0,"21":0,"22":0,"23":0,"24":0,"25":0,"26":0,"27":0,"28":0,"29":0,"30":0,"31":0,"32":0,"33":0,"34":0,"35":0,"36":0,"37":0,"38":0,"39":0,"40":0,"41":0,"42":0,"43":0},"b":{"0":[0,0],"1":[0,0],"2":[0,0],"3":[0,0],"4":[0,0],"5":[0,0],"6":[0,0],"7":[0,0],"8":[0,0],"9":[0,0],"10":[0,0],"11":[0,0],"12":[0,0],"13":[0,0],"14":[0,0],"15":[0,0],"16":[0,0],"17":[0,0],"18":[0,0],"19":[0,0],"20":[0,0],"21":[0,0],"22":[0,0],"23":[0,0],"24":[0,0],"25":[0,0],"26":[0,0],"27":[0,0],"28":[0,0],"29":[0,0],"30":[0,0],"31":[0,0],"32":[0,0],"33":[0,0],"34":[0,0],"35":[0,0],"36":[0,0],"37":[0,0],"38":[0,0],"39":[0,0],"40":[0,0],"41":[0,0]}}
}
