TN:
SF:/Users/Sellis/Development/figgy/valhalla/app/javascript/components/Controls.vue
FN:1,(anonymous_0)
FN:21,data
FN:27,orderChanged
FN:28,(anonymous_3)
FN:31,(anonymous_4)
FN:36,isDisabled
FN:45,save
FN:59,render
FNF:8
FNH:0
FNDA:0,(anonymous_0)
FNDA:0,data
FNDA:0,orderChanged
FNDA:0,(anonymous_3)
FNDA:0,(anonymous_4)
FNDA:0,isDisabled
FNDA:0,save
FNDA:0,render
DA:1,0
DA:4,0
DA:19,0
DA:22,0
DA:28,0
DA:29,0
DA:31,0
DA:32,0
DA:34,0
DA:37,0
DA:38,0
DA:40,0
DA:46,0
DA:52,0
DA:57,0
DA:58,0
DA:59,0
DA:60,0
LF:18
LH:0
BRDA:37,0,0,0
BRDA:37,0,1,0
BRDA:37,1,0,0
BRDA:37,1,1,0
BRDA:57,2,0,0
BRDA:57,2,1,0
BRDA:58,3,0,0
BRDA:58,3,1,0
BRDA:59,4,0,0
BRDA:59,4,1,0
BRDA:59,5,0,0
BRDA:59,5,1,0
BRF:12
BRH:0
end_of_record
TN:
SF:/Users/Sellis/Development/figgy/valhalla/app/javascript/components/Detail.vue
FN:14,get
FN:18,selectedImageUrl
FNF:2
FNH:1
FNDA:0,get
FNDA:4,selectedImageUrl
DA:15,0
DA:19,4
LF:2
LH:1
BRDA:19,0,0,4
BRDA:19,0,1,0
BRF:2
BRH:1
end_of_record
TN:
SF:/Users/Sellis/Development/figgy/valhalla/app/javascript/components/Gallery.vue
FN:1,(anonymous_0)
FN:12,_interopRequireDefault
FN:19,data
FN:27,get
FN:30,set
FN:36,getImageById
FN:40,getImageIndexById
FN:41,(anonymous_7)
FN:45,select
FN:66,selectAll
FN:69,selectAlternate
FN:77,selectInverse
FN:85,selectNone
FN:88,hasChanged
FN:95,isSelected
FN:102,resizeThumbs
FN:143,render
FN:143,(anonymous_17)
FN:143,(anonymous_18)
FN:143,(anonymous_19)
FN:143,(anonymous_20)
FN:143,(anonymous_21)
FN:143,(anonymous_22)
FN:143,(anonymous_23)
FN:143,(anonymous_24)
FNF:25
FNH:0
FNDA:0,(anonymous_0)
FNDA:0,_interopRequireDefault
FNDA:0,data
FNDA:0,get
FNDA:0,set
FNDA:0,getImageById
FNDA:0,getImageIndexById
FNDA:0,(anonymous_7)
FNDA:0,select
FNDA:0,selectAll
FNDA:0,selectAlternate
FNDA:0,selectInverse
FNDA:0,selectNone
FNDA:0,hasChanged
FNDA:0,isSelected
FNDA:0,resizeThumbs
FNDA:0,render
FNDA:0,(anonymous_17)
FNDA:0,(anonymous_18)
FNDA:0,(anonymous_19)
FNDA:0,(anonymous_20)
FNDA:0,(anonymous_21)
FNDA:0,(anonymous_22)
FNDA:0,(anonymous_23)
FNDA:0,(anonymous_24)
DA:1,0
DA:4,0
DA:8,0
DA:10,0
DA:12,0
DA:14,0
DA:20,0
DA:28,0
DA:31,0
DA:37,0
DA:38,0
DA:41,0
DA:42,0
DA:46,0
DA:47,0
DA:48,0
DA:49,0
DA:50,0
DA:52,0
DA:53,0
DA:54,0
DA:55,0
DA:56,0
DA:57,0
DA:58,0
DA:60,0
DA:62,0
DA:67,0
DA:70,0
DA:71,0
DA:72,0
DA:73,0
DA:75,0
DA:78,0
DA:79,0
DA:80,0
DA:81,0
DA:83,0
DA:86,0
DA:89,0
DA:90,0
DA:92,0
DA:96,0
DA:97,0
DA:99,0
DA:103,0
DA:104,0
DA:105,0
DA:107,0
DA:141,0
DA:142,0
DA:143,0
DA:144,0
LF:53
LH:0
BRDA:12,0,0,0
BRDA:12,0,1,0
BRDA:12,1,0,0
BRDA:12,1,1,0
BRDA:47,2,0,0
BRDA:47,2,1,0
BRDA:52,3,0,0
BRDA:52,3,1,0
BRDA:52,4,0,0
BRDA:52,4,1,0
BRDA:89,5,0,0
BRDA:89,5,1,0
BRDA:96,6,0,0
BRDA:96,6,1,0
BRDA:104,7,0,0
BRDA:104,7,1,0
BRDA:141,8,0,0
BRDA:141,8,1,0
BRDA:142,9,0,0
BRDA:142,9,1,0
BRDA:143,10,0,0
BRDA:143,10,1,0
BRF:22
BRH:0
end_of_record
TN:
SF:/Users/Sellis/Development/figgy/valhalla/app/javascript/components/Panel.vue
FN:1,(anonymous_0)
FN:12,_interopRequireDefault
FN:16,data
FN:30,selectedTotal
FN:33,isStartPage
FN:37,isThumbnail
FN:41,singleForm
FN:51,isNormalInteger
FN:55,updateStartPage
FN:59,updateThumbnail
FN:63,updateSingle
FN:66,(anonymous_11)
FN:78,updateMultiLabels
FN:84,(anonymous_13)
FN:189,render
FN:189,(anonymous_15)
FN:189,(anonymous_16)
FN:189,(anonymous_17)
FN:189,(anonymous_18)
FN:189,(anonymous_19)
FN:189,(anonymous_20)
FN:189,(anonymous_21)
FN:189,(anonymous_22)
FN:189,(anonymous_23)
FN:189,(anonymous_24)
FN:189,(anonymous_25)
FN:189,(anonymous_26)
FN:189,(anonymous_27)
FN:189,(anonymous_28)
FN:189,(anonymous_29)
FN:189,(anonymous_30)
FN:189,(anonymous_31)
FN:189,(anonymous_32)
FN:189,(anonymous_33)
FN:189,(anonymous_34)
FN:189,(anonymous_35)
FN:189,(anonymous_36)
FN:189,(anonymous_37)
FN:189,(anonymous_38)
FN:189,(anonymous_39)
FN:189,(anonymous_40)
FN:189,(anonymous_41)
FN:189,(anonymous_42)
FN:190,render
FNF:44
FNH:0
FNDA:0,(anonymous_0)
FNDA:0,_interopRequireDefault
FNDA:0,data
FNDA:0,selectedTotal
FNDA:0,isStartPage
FNDA:0,isThumbnail
FNDA:0,singleForm
FNDA:0,isNormalInteger
FNDA:0,updateStartPage
FNDA:0,updateThumbnail
FNDA:0,updateSingle
FNDA:0,(anonymous_11)
FNDA:0,updateMultiLabels
FNDA:0,(anonymous_13)
FNDA:0,render
FNDA:0,(anonymous_15)
FNDA:0,(anonymous_16)
FNDA:0,(anonymous_17)
FNDA:0,(anonymous_18)
FNDA:0,(anonymous_19)
FNDA:0,(anonymous_20)
FNDA:0,(anonymous_21)
FNDA:0,(anonymous_22)
FNDA:0,(anonymous_23)
FNDA:0,(anonymous_24)
FNDA:0,(anonymous_25)
FNDA:0,(anonymous_26)
FNDA:0,(anonymous_27)
FNDA:0,(anonymous_28)
FNDA:0,(anonymous_29)
FNDA:0,(anonymous_30)
FNDA:0,(anonymous_31)
FNDA:0,(anonymous_32)
FNDA:0,(anonymous_33)
FNDA:0,(anonymous_34)
FNDA:0,(anonymous_35)
FNDA:0,(anonymous_36)
FNDA:0,(anonymous_37)
FNDA:0,(anonymous_38)
FNDA:0,(anonymous_39)
FNDA:0,(anonymous_40)
FNDA:0,(anonymous_41)
FNDA:0,(anonymous_42)
FNDA:0,render
DA:1,0
DA:4,0
DA:8,0
DA:10,0
DA:12,0
DA:14,0
DA:17,0
DA:31,0
DA:34,0
DA:35,0
DA:38,0
DA:39,0
DA:42,0
DA:52,0
DA:56,0
DA:57,0
DA:60,0
DA:61,0
DA:64,0
DA:65,0
DA:66,0
DA:67,0
DA:69,0
DA:71,0
DA:72,0
DA:75,0
DA:76,0
DA:79,0
DA:80,0
DA:81,0
DA:82,0
DA:83,0
DA:84,0
DA:85,0
DA:87,0
DA:89,0
DA:90,0
DA:93,0
DA:94,0
DA:187,0
DA:188,0
DA:189,0
DA:190,0
LF:43
LH:0
BRDA:12,0,0,0
BRDA:12,0,1,0
BRDA:12,1,0,0
BRDA:12,1,1,0
BRDA:71,2,0,0
BRDA:71,2,1,0
BRDA:81,3,0,0
BRDA:81,3,1,0
BRDA:89,4,0,0
BRDA:89,4,1,0
BRDA:187,5,0,0
BRDA:187,5,1,0
BRDA:188,6,0,0
BRDA:188,6,1,0
BRDA:189,7,0,0
BRDA:189,7,1,0
BRDA:189,8,0,0
BRDA:189,8,1,0
BRDA:189,9,0,0
BRDA:189,9,1,0
BRDA:189,10,0,0
BRDA:189,10,1,0
BRDA:189,11,0,0
BRDA:189,11,1,0
BRDA:189,12,0,0
BRDA:189,12,1,0
BRDA:189,13,0,0
BRDA:189,13,1,0
BRDA:189,14,0,0
BRDA:189,14,1,0
BRDA:189,15,0,0
BRDA:189,15,1,0
BRDA:189,16,0,0
BRDA:189,16,1,0
BRDA:189,17,0,0
BRDA:189,17,1,0
BRDA:189,18,0,0
BRDA:189,18,1,0
BRDA:189,19,0,0
BRDA:189,19,1,0
BRDA:189,20,0,0
BRDA:189,20,1,0
BRDA:189,21,0,0
BRDA:189,21,1,0
BRDA:189,22,0,0
BRDA:189,22,1,0
BRDA:189,23,0,0
BRDA:189,23,1,0
BRDA:189,24,0,0
BRDA:189,24,1,0
BRDA:189,25,0,0
BRDA:189,25,1,0
BRDA:189,26,0,0
BRDA:189,26,1,0
BRDA:189,27,0,0
BRDA:189,27,1,0
BRDA:189,28,0,0
BRDA:189,28,1,0
BRDA:189,29,0,0
BRDA:189,29,1,0
BRDA:189,30,0,0
BRDA:189,30,1,0
BRDA:189,31,0,0
BRDA:189,31,1,0
BRDA:189,32,0,0
BRDA:189,32,1,0
BRDA:189,33,0,0
BRDA:189,33,1,0
BRDA:189,34,0,0
BRDA:189,34,1,0
BRDA:189,35,0,0
BRDA:189,35,1,0
BRDA:189,36,0,0
BRDA:189,36,1,0
BRDA:189,37,0,0
BRDA:189,37,1,0
BRDA:189,38,0,0
BRDA:189,38,1,0
BRDA:189,39,0,0
BRDA:189,39,1,0
BRDA:189,40,0,0
BRDA:189,40,1,0
BRDA:190,41,0,0
BRDA:190,41,1,0
BRF:84
BRH:0
end_of_record
